{"C:\\Users\\flavi\\project-school\\finance-system\\src\\adaptadores\\db\\TransicaoFake.ts": {"path":"C:\\Users\\flavi\\project-school\\finance-system\\src\\adaptadores\\db\\TransicaoFake.ts","statementMap":{"0":{"start":{"line":8,"column":4},"end":{"line":8,"column":45}},"1":{"start":{"line":5,"column":17},"end":{"line":5,"column":46}},"2":{"start":{"line":4,"column":21},"end":{"line":4,"column":null}}},"fnMap":{"0":{"name":"(anonymous_7)","decl":{"start":{"line":7,"column":8},"end":{"line":7,"column":15}},"loc":{"start":{"line":7,"column":36},"end":{"line":9,"column":null}}}},"branchMap":{},"s":{"0":1,"1":1,"2":1},"f":{"0":1},"b":{}}
,"C:\\Users\\flavi\\project-school\\finance-system\\src\\adaptadores\\knex\\TransicaoDB.ts": {"path":"C:\\Users\\flavi\\project-school\\finance-system\\src\\adaptadores\\knex\\TransicaoDB.ts","statementMap":{"0":{"start":{"line":3,"column":0},"end":{"line":3,"column":32}},"1":{"start":{"line":7,"column":4},"end":{"line":7,"column":66}},"2":{"start":{"line":5,"column":0},"end":{"line":5,"column":21}}},"fnMap":{"0":{"name":"(anonymous_8)","decl":{"start":{"line":6,"column":8},"end":{"line":6,"column":15}},"loc":{"start":{"line":6,"column":36},"end":{"line":8,"column":null}}}},"branchMap":{},"s":{"0":1,"1":1,"2":1},"f":{"0":1},"b":{}}
,"C:\\Users\\flavi\\project-school\\finance-system\\src\\adaptadores\\knex\\conexao.ts": {"path":"C:\\Users\\flavi\\project-school\\finance-system\\src\\adaptadores\\knex\\conexao.ts","statementMap":{"0":{"start":{"line":1,"column":0},"end":{"line":1,"column":24}},"1":{"start":{"line":2,"column":0},"end":{"line":2,"column":32}},"2":{"start":{"line":3,"column":0},"end":{"line":3,"column":28}}},"fnMap":{},"branchMap":{},"s":{"0":1,"1":1,"2":1},"f":{},"b":{}}
,"C:\\Users\\flavi\\project-school\\finance-system\\src\\adaptadores\\knex\\knexfile.js": {"path":"C:\\Users\\flavi\\project-school\\finance-system\\src\\adaptadores\\knex\\knexfile.js","statementMap":{"0":{"start":{"line":1,"column":15},"end":{"line":1,"column":32}},"1":{"start":{"line":2,"column":0},"end":{"line":2,"column":41}},"2":{"start":{"line":4,"column":0},"end":{"line":14,"column":2}}},"fnMap":{},"branchMap":{},"s":{"0":1,"1":1,"2":1},"f":{},"b":{},"inputSourceMap":null,"_coverageSchema":"1a1c01bbd47fc00a2c39e90264f33305004495a9","hash":"f3354676f1322a8529e09c7abfea118f32494324"}
,"C:\\Users\\flavi\\project-school\\finance-system\\src\\app\\shared\\Id.ts": {"path":"C:\\Users\\flavi\\project-school\\finance-system\\src\\app\\shared\\Id.ts","statementMap":{"0":{"start":{"line":1,"column":0},"end":{"line":1,"column":34}},"1":{"start":{"line":5,"column":4},"end":{"line":5,"column":18}},"2":{"start":{"line":3,"column":0},"end":{"line":3,"column":21}}},"fnMap":{"0":{"name":"(anonymous_0)","decl":{"start":{"line":4,"column":2},"end":{"line":4,"column":8}},"loc":{"start":{"line":4,"column":17},"end":{"line":6,"column":3}}}},"branchMap":{},"s":{"0":1,"1":2,"2":1},"f":{"0":2},"b":{}}
,"C:\\Users\\flavi\\project-school\\finance-system\\src\\app\\transacoes\\RegistrarTransicao.ts": {"path":"C:\\Users\\flavi\\project-school\\finance-system\\src\\app\\transacoes\\RegistrarTransicao.ts","statementMap":{"0":{"start":{"line":1,"column":0},"end":{"line":1,"column":30}},"1":{"start":{"line":6,"column":22},"end":{"line":6,"column":65}},"2":{"start":{"line":9,"column":22},"end":{"line":16,"column":6}},"3":{"start":{"line":18,"column":4},"end":{"line":18,"column":47}},"4":{"start":{"line":19,"column":4},"end":{"line":19,"column":21}},"5":{"start":{"line":5,"column":0},"end":{"line":5,"column":21}}},"fnMap":{"0":{"name":"(anonymous_8)","decl":{"start":{"line":6,"column":2},"end":{"line":6,"column":22}},"loc":{"start":{"line":6,"column":65},"end":{"line":6,"column":69}}},"1":{"name":"(anonymous_9)","decl":{"start":{"line":8,"column":8},"end":{"line":8,"column":16}},"loc":{"start":{"line":8,"column":37},"end":{"line":20,"column":null}}}},"branchMap":{},"s":{"0":1,"1":2,"2":2,"3":2,"4":2,"5":1},"f":{"0":2,"1":2},"b":{}}
,"C:\\Users\\flavi\\project-school\\finance-system\\test\\fake\\TransacaoItem.ts": {"path":"C:\\Users\\flavi\\project-school\\finance-system\\test\\fake\\TransacaoItem.ts","statementMap":{"0":{"start":{"line":4,"column":6},"end":{"line":4,"column":70}},"1":{"start":{"line":5,"column":17},"end":{"line":5,"column":19}},"2":{"start":{"line":6,"column":4},"end":{"line":9,"column":5}},"3":{"start":{"line":6,"column":17},"end":{"line":6,"column":18}},"4":{"start":{"line":7,"column":26},"end":{"line":7,"column":71}},"5":{"start":{"line":8,"column":6},"end":{"line":8,"column":47}},"6":{"start":{"line":10,"column":4},"end":{"line":10,"column":18}},"7":{"start":{"line":13,"column":22},"end":{"line":13,"column":37}},"8":{"start":{"line":14,"column":20},"end":{"line":14,"column":33}},"9":{"start":{"line":15,"column":23},"end":{"line":16,"column":null}},"10":{"start":{"line":18,"column":4},"end":{"line":18,"column":22}},"11":{"start":{"line":22,"column":17},"end":{"line":22,"column":37}},"12":{"start":{"line":24,"column":17},"end":{"line":24,"column":35}},"13":{"start":{"line":25,"column":18},"end":{"line":25,"column":62}},"14":{"start":{"line":26,"column":16},"end":{"line":26,"column":55}},"15":{"start":{"line":28,"column":4},"end":{"line":28,"column":37}},"16":{"start":{"line":32,"column":16},"end":{"line":32,"column":20}},"17":{"start":{"line":33,"column":16},"end":{"line":33,"column":20}},"18":{"start":{"line":34,"column":4},"end":{"line":34,"column":61}},"19":{"start":{"line":38,"column":22},"end":{"line":38,"column":42}},"20":{"start":{"line":39,"column":20},"end":{"line":39,"column":42}},"21":{"start":{"line":40,"column":23},"end":{"line":40,"column":61}},"22":{"start":{"line":41,"column":17},"end":{"line":41,"column":58}},"23":{"start":{"line":42,"column":33},"end":{"line":42,"column":62}},"24":{"start":{"line":43,"column":18},"end":{"line":43,"column":47}},"25":{"start":{"line":45,"column":4},"end":{"line":51,"column":6}},"26":{"start":{"line":1,"column":0},"end":{"line":1,"column":21}}},"fnMap":{"0":{"name":"(anonymous_0)","decl":{"start":{"line":2,"column":10},"end":{"line":2,"column":30}},"loc":{"start":{"line":2,"column":45},"end":{"line":11,"column":3}}},"1":{"name":"(anonymous_1)","decl":{"start":{"line":12,"column":10},"end":{"line":12,"column":23}},"loc":{"start":{"line":12,"column":46},"end":{"line":19,"column":3}}},"2":{"name":"(anonymous_2)","decl":{"start":{"line":21,"column":10},"end":{"line":21,"column":20}},"loc":{"start":{"line":21,"column":39},"end":{"line":29,"column":3}}},"3":{"name":"(anonymous_3)","decl":{"start":{"line":31,"column":10},"end":{"line":31,"column":32}},"loc":{"start":{"line":31,"column":32},"end":{"line":35,"column":3}}},"4":{"name":"(anonymous_4)","decl":{"start":{"line":37,"column":2},"end":{"line":37,"column":6}},"loc":{"start":{"line":37,"column":6},"end":{"line":52,"column":3}}}},"branchMap":{},"s":{"0":2,"1":2,"2":2,"3":2,"4":20,"5":20,"6":2,"7":2,"8":2,"9":2,"10":2,"11":2,"12":2,"13":2,"14":2,"15":2,"16":2,"17":2,"18":2,"19":2,"20":2,"21":2,"22":2,"23":2,"24":2,"25":2,"26":2},"f":{"0":2,"1":2,"2":2,"3":2,"4":2},"b":{}}
}
