TN:
SF:src\adaptadores\db\TransicaoFake.ts
FN:7,(anonymous_7)
FNF:1
FNH:1
FNDA:1,(anonymous_7)
DA:4,1
DA:5,1
DA:8,1
LF:3
LH:3
BRF:0
BRH:0
end_of_record
TN:
SF:src\adaptadores\knex\TransicaoDB.ts
FN:6,(anonymous_8)
FNF:1
FNH:1
FNDA:1,(anonymous_8)
DA:3,1
DA:5,1
DA:7,1
LF:3
LH:3
BRF:0
BRH:0
end_of_record
TN:
SF:src\adaptadores\knex\conexao.ts
FNF:0
FNH:0
DA:1,1
DA:2,1
DA:3,1
LF:3
LH:3
BRF:0
BRH:0
end_of_record
TN:
SF:src\adaptadores\knex\knexfile.js
FNF:0
FNH:0
DA:1,1
DA:2,1
DA:4,1
LF:3
LH:3
BRF:0
BRH:0
end_of_record
TN:
SF:src\app\shared\Id.ts
FN:4,(anonymous_0)
FNF:1
FNH:1
FNDA:2,(anonymous_0)
DA:1,1
DA:3,1
DA:5,2
LF:3
LH:3
BRF:0
BRH:0
end_of_record
TN:
SF:src\app\transacoes\RegistrarTransicao.ts
FN:6,(anonymous_8)
FN:8,(anonymous_9)
FNF:2
FNH:2
FNDA:2,(anonymous_8)
FNDA:2,(anonymous_9)
DA:1,1
DA:5,1
DA:6,2
DA:9,2
DA:18,2
DA:19,2
LF:6
LH:6
BRF:0
BRH:0
end_of_record
TN:
SF:test\fake\TransacaoItem.ts
FN:2,(anonymous_0)
FN:12,(anonymous_1)
FN:21,(anonymous_2)
FN:31,(anonymous_3)
FN:37,(anonymous_4)
FNF:5
FNH:5
FNDA:2,(anonymous_0)
FNDA:2,(anonymous_1)
FNDA:2,(anonymous_2)
FNDA:2,(anonymous_3)
FNDA:2,(anonymous_4)
DA:1,2
DA:4,2
DA:5,2
DA:6,2
DA:7,20
DA:8,20
DA:10,2
DA:13,2
DA:14,2
DA:15,2
DA:18,2
DA:22,2
DA:24,2
DA:25,2
DA:26,2
DA:28,2
DA:32,2
DA:33,2
DA:34,2
DA:38,2
DA:39,2
DA:40,2
DA:41,2
DA:42,2
DA:43,2
DA:45,2
LF:26
LH:26
BRF:0
BRH:0
end_of_record
